#
# There is insufficient memory for the Java Runtime Environment to continue.
# Native memory allocation (mmap) failed to map 170917888 bytes for committing reserved memory.
# Possible reasons:
#   The system is out of physical RAM or swap space
#   In 32 bit mode, the process size limit was hit
# Possible solutions:
#   Reduce memory load on the system
#   Increase physical memory or swap space
#   Check if swap backing store is full
#   Use 64 bit Java on a 64 bit OS
#   Decrease Java heap size (-Xmx/-Xms)
#   Decrease number of Java threads
#   Decrease Java thread stack sizes (-Xss)
#   Set larger code cache with -XX:ReservedCodeCacheSize=
# This output file may be truncated or incomplete.
#
#  Out of Memory Error (os_linux.cpp:2643), pid=655, tid=0x00007f1814efe700
#
# JRE version: OpenJDK Runtime Environment (8.0_131-b11) (build 1.8.0_131-8u131-b11-2ubuntu1.16.04.2-b11)
# Java VM: OpenJDK 64-Bit Server VM (25.131-b11 mixed mode linux-amd64 compressed oops)
# Failed to write core dump. Core dumps have been disabled. To enable core dumping, try "ulimit -c unlimited" before starting Java again
#

---------------  T H R E A D  ---------------

Current thread (0x00007f1824077800):  VMThread [stack: 0x00007f1814dfe000,0x00007f1814eff000] [id=663]

Stack: [0x00007f1814dfe000,0x00007f1814eff000],  sp=0x00007f1814efd4a0,  free space=1021k
Native frames: (J=compiled Java code, j=interpreted, Vv=VM code, C=native code)
V  [libjvm.so+0xa6a1bb]
V  [libjvm.so+0x4c5a6c]
V  [libjvm.so+0x8b85a0]
V  [libjvm.so+0x8b2a1e]
V  [libjvm.so+0x92d556]
V  [libjvm.so+0x92e883]
V  [libjvm.so+0x92af33]
V  [libjvm.so+0x923d49]
V  [libjvm.so+0x449933]
V  [libjvm.so+0xa6b749]
V  [libjvm.so+0xa70f57]
V  [libjvm.so+0xa6e727]
V  [libjvm.so+0xa6fbaf]
V  [libjvm.so+0xa700a1]
V  [libjvm.so+0x8b5a82]

VM_Operation (0x00007f182e546a00): CollectForMetadataAllocation, mode: safepoint, requested by thread 0x00007f182400a000


---------------  P R O C E S S  ---------------

Java Threads: ( => current thread )
  0x00007f18240c1000 JavaThread "Service Thread" daemon [_thread_blocked, id=670, stack(0x00007f181441f000,0x00007f1814520000)]
  0x00007f18240b1800 JavaThread "C1 CompilerThread2" daemon [_thread_blocked, id=669, stack(0x00007f1814520000,0x00007f1814621000)]
  0x00007f18240b0000 JavaThread "C2 CompilerThread1" daemon [_thread_blocked, id=668, stack(0x00007f1814621000,0x00007f1814722000)]
  0x00007f18240ad000 JavaThread "C2 CompilerThread0" daemon [_thread_blocked, id=667, stack(0x00007f1814722000,0x00007f1814823000)]
  0x00007f18240ab000 JavaThread "Signal Dispatcher" daemon [_thread_blocked, id=666, stack(0x00007f1814823000,0x00007f1814924000)]
  0x00007f1824083800 JavaThread "Finalizer" daemon [_thread_blocked, id=665, stack(0x00007f1814bfc000,0x00007f1814cfd000)]
  0x00007f182407f000 JavaThread "Reference Handler" daemon [_thread_blocked, id=664, stack(0x00007f1814cfd000,0x00007f1814dfe000)]
  0x00007f182400a000 JavaThread "main" [_thread_blocked, id=658, stack(0x00007f182e449000,0x00007f182e54a000)]

Other Threads:
=>0x00007f1824077800 VMThread [stack: 0x00007f1814dfe000,0x00007f1814eff000] [id=663]
  0x00007f18240c3800 WatcherThread [stack: 0x00007f181431e000,0x00007f181441f000] [id=671]

VM state:at safepoint (normal execution)

VM Mutex/Monitor currently owned by a thread:  ([mutex/lock_event])
[0x00007f1824006460] Threads_lock - owner thread: 0x00007f1824077800
[0x00007f1824006960] Heap_lock - owner thread: 0x00007f182400a000
[0x00007f1824006ee0] MethodData_lock - owner thread: 0x00007f182400a000

Heap:
 PSYoungGen      total 183808K, used 29720K [0x000000078c900000, 0x0000000799a00000, 0x00000007c0000000)
  eden space 153600K, 0% used [0x000000078c900000,0x000000078c900000,0x0000000795f00000)
  from space 30208K, 98% used [0x0000000797c80000,0x0000000799986108,0x0000000799a00000)
  to   space 6656K, 0% used [0x0000000796500000,0x0000000796500000,0x0000000796b80000)
 ParOldGen       total 106496K, used 35978K [0x0000000725a00000, 0x000000072c200000, 0x000000078c900000)
  object space 106496K, 33% used [0x0000000725a00000,0x0000000727d22b40,0x000000072c200000)
 Metaspace       used 20612K, capacity 21140K, committed 21248K, reserved 1069056K
  class space    used 2310K, capacity 2478K, committed 2560K, reserved 1048576K

Card table byte_map: [0x00007f182a62e000,0x00007f182ab02000] byte_map_base: 0x00007f1826d01000

Marking Bits: (ParMarkBitMap*) 0x00007f182d7172c0
 Begin Bits: [0x00007f17fb2d0000, 0x00007f17fd968000)
 End Bits:   [0x00007f17fd968000, 0x00007f1800000000)

Polling page: 0x00007f182e56a000

CodeCache: size=245760Kb used=15562Kb max_used=16240Kb free=230197Kb
 bounds [0x00007f1815000000, 0x00007f1815ff0000, 0x00007f1824000000]
 total_blobs=4339 nmethods=3971 adapters=282
 compilation: enabled

Compilation events (10 events):
Event: 276.066 Thread 0x00007f18240ad000 nmethod 4648 0x00007f1815c2fed0 code [0x00007f1815c300a0, 0x00007f1815c30ac8]
Event: 276.066 Thread 0x00007f18240ad000 4651       4       com.sun.tools.javac.code.Types::isSameType (38 bytes)
Event: 276.068 Thread 0x00007f18240ad000 nmethod 4651 0x00007f1815cbcad0 code [0x00007f1815cbcc20, 0x00007f1815cbcd18]
Event: 276.149 Thread 0x00007f18240b1800 nmethod 4654 0x00007f1815c2c650 code [0x00007f1815c2ca00, 0x00007f1815c2edd8]
Event: 276.149 Thread 0x00007f18240b1800 4658   !   3       com.sun.tools.javac.jvm.ClassReader$AnnotationDeproxy::deproxy (39 bytes)
Event: 276.149 Thread 0x00007f18240b1800 nmethod 4658 0x00007f1815b6a590 code [0x00007f1815b6a700, 0x00007f1815b6a9c8]
Event: 276.300 Thread 0x00007f18240b0000 nmethod 4656 0x00007f1815c208d0 code [0x00007f1815c20d80, 0x00007f1815c23f88]
Event: 278.382 Thread 0x00007f18240ad000 4659       4       com.sun.tools.javac.util.ListBuffer::prepend (39 bytes)
Event: 278.382 Thread 0x00007f18240b1800 4660       3       com.sun.tools.javac.code.TypeAnnotations$TypeAnnotationPositions::push (13 bytes)
Event: 278.383 Thread 0x00007f18240b0000 4663       4       com.sun.tools.javac.tree.TreeScanner::scan (33 bytes)

GC Heap History (10 events):
Event: 6.703 GC heap after
Heap after GC invocations=1 (full 0):
 PSYoungGen      total 46592K, used 5538K [0x000000078c900000, 0x0000000792400000, 0x00000007c0000000)
  eden space 39936K, 0% used [0x000000078c900000,0x000000078c900000,0x000000078f000000)
  from space 6656K, 83% used [0x000000078f000000,0x000000078f568ba0,0x000000078f680000)
  to   space 6656K, 0% used [0x0000000791d80000,0x0000000791d80000,0x0000000792400000)
 ParOldGen       total 106496K, used 8K [0x0000000725a00000, 0x000000072c200000, 0x000000078c900000)
  object space 106496K, 0% used [0x0000000725a00000,0x0000000725a02000,0x000000072c200000)
 Metaspace       used 8531K, capacity 8720K, committed 8832K, reserved 1056768K
  class space    used 1065K, capacity 1117K, committed 1152K, reserved 1048576K
}
Event: 9.295 GC heap before
{Heap before GC invocations=2 (full 0):
 PSYoungGen      total 46592K, used 45474K [0x000000078c900000, 0x0000000792400000, 0x00000007c0000000)
  eden space 39936K, 100% used [0x000000078c900000,0x000000078f000000,0x000000078f000000)
  from space 6656K, 83% used [0x000000078f000000,0x000000078f568ba0,0x000000078f680000)
  to   space 6656K, 0% used [0x0000000791d80000,0x0000000791d80000,0x0000000792400000)
 ParOldGen       total 106496K, used 8K [0x0000000725a00000, 0x000000072c200000, 0x000000078c900000)
  object space 106496K, 0% used [0x0000000725a00000,0x0000000725a02000,0x000000072c200000)
 Metaspace       used 13106K, capacity 13354K, committed 13440K, reserved 1060864K
  class space    used 1567K, capacity 1658K, committed 1664K, reserved 1048576K
Event: 9.309 GC heap after
Heap after GC invocations=2 (full 0):
 PSYoungGen      total 86528K, used 6643K [0x000000078c900000, 0x0000000792400000, 0x00000007c0000000)
  eden space 79872K, 0% used [0x000000078c900000,0x000000078c900000,0x0000000791700000)
  from space 6656K, 99% used [0x0000000791d80000,0x00000007923fce10,0x0000000792400000)
  to   space 6656K, 0% used [0x0000000791700000,0x0000000791700000,0x0000000791d80000)
 ParOldGen       total 106496K, used 788K [0x0000000725a00000, 0x000000072c200000, 0x000000078c900000)
  object space 106496K, 0% used [0x0000000725a00000,0x0000000725ac50c8,0x000000072c200000)
 Metaspace       used 13106K, capacity 13354K, committed 13440K, reserved 1060864K
  class space    used 1567K, capacity 1658K, committed 1664K, reserved 1048576K
}
Event: 12.176 GC heap before
{Heap before GC invocations=3 (full 0):
 PSYoungGen      total 86528K, used 86515K [0x000000078c900000, 0x0000000792400000, 0x00000007c0000000)
  eden space 79872K, 100% used [0x000000078c900000,0x0000000791700000,0x0000000791700000)
  from space 6656K, 99% used [0x0000000791d80000,0x00000007923fce10,0x0000000792400000)
  to   space 6656K, 0% used [0x0000000791700000,0x0000000791700000,0x0000000791d80000)
 ParOldGen       total 106496K, used 788K [0x0000000725a00000, 0x000000072c200000, 0x000000078c900000)
  object space 106496K, 0% used [0x0000000725a00000,0x0000000725ac50c8,0x000000072c200000)
 Metaspace       used 13744K, capacity 14080K, committed 14336K, reserved 1062912K
  class space    used 1592K, capacity 1699K, committed 1792K, reserved 1048576K
Event: 12.208 GC heap after
Heap after GC invocations=3 (full 0):
 PSYoungGen      total 86528K, used 6640K [0x000000078c900000, 0x0000000797200000, 0x00000007c0000000)
  eden space 79872K, 0% used [0x000000078c900000,0x000000078c900000,0x0000000791700000)
  from space 6656K, 99% used [0x0000000791700000,0x0000000791d7c010,0x0000000791d80000)
  to   space 6656K, 0% used [0x0000000796b80000,0x0000000796b80000,0x0000000797200000)
 ParOldGen       total 106496K, used 3059K [0x0000000725a00000, 0x000000072c200000, 0x000000078c900000)
  object space 106496K, 2% used [0x0000000725a00000,0x0000000725cfceb8,0x000000072c200000)
 Metaspace       used 13744K, capacity 14080K, committed 14336K, reserved 1062912K
  class space    used 1592K, capacity 1699K, committed 1792K, reserved 1048576K
}
Event: 17.593 GC heap before
{Heap before GC invocations=4 (full 0):
 PSYoungGen      total 86528K, used 86512K [0x000000078c900000, 0x0000000797200000, 0x00000007c0000000)
  eden space 79872K, 100% used [0x000000078c900000,0x0000000791700000,0x0000000791700000)
  from space 6656K, 99% used [0x0000000791700000,0x0000000791d7c010,0x0000000791d80000)
  to   space 6656K, 0% used [0x0000000796b80000,0x0000000796b80000,0x0000000797200000)
 ParOldGen       total 106496K, used 3059K [0x0000000725a00000, 0x000000072c200000, 0x000000078c900000)
  object space 106496K, 2% used [0x0000000725a00000,0x0000000725cfceb8,0x000000072c200000)
 Metaspace       used 14535K, capacity 14912K, committed 15104K, reserved 1062912K
  class space    used 1658K, capacity 1742K, committed 1792K, reserved 1048576K
Event: 17.627 GC heap after
Heap after GC invocations=4 (full 0):
 PSYoungGen      total 166400K, used 6640K [0x000000078c900000, 0x0000000797200000, 0x00000007c0000000)
  eden space 159744K, 0% used [0x000000078c900000,0x000000078c900000,0x0000000796500000)
  from space 6656K, 99% used [0x0000000796b80000,0x00000007971fc010,0x0000000797200000)
  to   space 6656K, 0% used [0x0000000796500000,0x0000000796500000,0x0000000796b80000)
 ParOldGen       total 106496K, used 6470K [0x0000000725a00000, 0x000000072c200000, 0x000000078c900000)
  object space 106496K, 6% used [0x0000000725a00000,0x0000000726051930,0x000000072c200000)
 Metaspace       used 14535K, capacity 14912K, committed 15104K, reserved 1062912K
  class space    used 1658K, capacity 1742K, committed 1792K, reserved 1048576K
}
Event: 52.952 GC heap before
{Heap before GC invocations=5 (full 0):
 PSYoungGen      total 166400K, used 166384K [0x000000078c900000, 0x0000000797200000, 0x00000007c0000000)
  eden space 159744K, 100% used [0x000000078c900000,0x0000000796500000,0x0000000796500000)
  from space 6656K, 99% used [0x0000000796b80000,0x00000007971fc010,0x0000000797200000)
  to   space 6656K, 0% used [0x0000000796500000,0x0000000796500000,0x0000000796b80000)
 ParOldGen       total 106496K, used 6470K [0x0000000725a00000, 0x000000072c200000, 0x000000078c900000)
  object space 106496K, 6% used [0x0000000725a00000,0x0000000726051930,0x000000072c200000)
 Metaspace       used 19803K, capacity 20340K, committed 20480K, reserved 1067008K
  class space    used 2276K, capacity 2446K, committed 2560K, reserved 1048576K
Event: 53.032 GC heap after
Heap after GC invocations=5 (full 0):
 PSYoungGen      total 160256K, used 6656K [0x000000078c900000, 0x0000000799a00000, 0x00000007c0000000)
  eden space 153600K, 0% used [0x000000078c900000,0x000000078c900000,0x0000000795f00000)
  from space 6656K, 100% used [0x0000000796500000,0x0000000796b80000,0x0000000796b80000)
  to   space 30208K, 0% used [0x0000000797c80000,0x0000000797c80000,0x0000000799a00000)
 ParOldGen       total 106496K, used 35970K [0x0000000725a00000, 0x000000072c200000, 0x000000078c900000)
  object space 106496K, 33% used [0x0000000725a00000,0x0000000727d20b40,0x000000072c200000)
 Metaspace       used 19803K, capacity 20340K, committed 20480K, reserved 1067008K
  class space    used 2276K, capacity 2446K, committed 2560K, reserved 1048576K
}
Event: 278.517 GC heap before
{Heap before GC invocations=6 (full 0):
 PSYoungGen      total 160256K, used 115492K [0x000000078c900000, 0x0000000799a00000, 0x00000007c0000000)
  eden space 153600K, 70% used [0x000000078c900000,0x00000007933491a8,0x0000000795f00000)
  from space 6656K, 100% used [0x0000000796500000,0x0000000796b80000,0x0000000796b80000)
  to   space 30208K, 0% used [0x0000000797c80000,0x0000000797c80000,0x0000000799a00000)
 ParOldGen       total 106496K, used 35970K [0x0000000725a00000, 0x000000072c200000, 0x000000078c900000)
  object space 106496K, 33% used [0x0000000725a00000,0x0000000727d20b40,0x000000072c200000)
 Metaspace       used 20612K, capacity 21140K, committed 21248K, reserved 1069056K
  class space    used 2310K, capacity 2478K, committed 2560K, reserved 1048576K

Deoptimization events (10 events):
Event: 268.688 Thread 0x00007f182400a000 Uncommon trap: reason=bimorphic action=maybe_recompile pc=0x00007f1815181ec0 method=com.sun.tools.javac.comp.Check.checkSunAPI(Lcom/sun/tools/javac/util/JCDiagnostic$DiagnosticPosition;Lcom/sun/tools/javac/code/Symbol;)V @ 1
Event: 268.712 Thread 0x00007f182400a000 Uncommon trap: reason=bimorphic action=maybe_recompile pc=0x00007f1815719f04 method=com.sun.tools.javac.comp.Attr.checkIdInternal(Lcom/sun/tools/javac/tree/JCTree;Lcom/sun/tools/javac/code/Type;Lcom/sun/tools/javac/code/Symbol;Lcom/sun/tools/javac/code/Ty
Event: 268.712 Thread 0x00007f182400a000 Uncommon trap: reason=bimorphic action=maybe_recompile pc=0x00007f1815e187a8 method=com.sun.tools.javac.comp.Check.checkDeprecated(Lcom/sun/tools/javac/util/JCDiagnostic$DiagnosticPosition;Lcom/sun/tools/javac/code/Symbol;Lcom/sun/tools/javac/code/Symbol;
Event: 268.712 Thread 0x00007f182400a000 Uncommon trap: reason=bimorphic action=maybe_recompile pc=0x00007f1815181ec0 method=com.sun.tools.javac.comp.Check.checkSunAPI(Lcom/sun/tools/javac/util/JCDiagnostic$DiagnosticPosition;Lcom/sun/tools/javac/code/Symbol;)V @ 1
Event: 276.045 Thread 0x00007f182400a000 Uncommon trap: reason=bimorphic action=maybe_recompile pc=0x00007f1815dcc81c method=com.sun.tools.javac.code.Scope.lookup(Lcom/sun/tools/javac/util/Name;Lcom/sun/tools/javac/util/Filter;)Lcom/sun/tools/javac/code/Scope$Entry; @ 49
Event: 276.045 Thread 0x00007f182400a000 Uncommon trap: reason=bimorphic action=maybe_recompile pc=0x00007f1815dcc81c method=com.sun.tools.javac.code.Scope.lookup(Lcom/sun/tools/javac/util/Name;Lcom/sun/tools/javac/util/Filter;)Lcom/sun/tools/javac/code/Scope$Entry; @ 49
Event: 276.045 Thread 0x00007f182400a000 Uncommon trap: reason=bimorphic action=maybe_recompile pc=0x00007f1815dcc81c method=com.sun.tools.javac.code.Scope.lookup(Lcom/sun/tools/javac/util/Name;Lcom/sun/tools/javac/util/Filter;)Lcom/sun/tools/javac/code/Scope$Entry; @ 49
Event: 276.045 Thread 0x00007f182400a000 Uncommon trap: reason=bimorphic action=maybe_recompile pc=0x00007f1815dcc81c method=com.sun.tools.javac.code.Scope.lookup(Lcom/sun/tools/javac/util/Name;Lcom/sun/tools/javac/util/Filter;)Lcom/sun/tools/javac/code/Scope$Entry; @ 49
Event: 276.045 Thread 0x00007f182400a000 Uncommon trap: reason=bimorphic action=maybe_recompile pc=0x00007f1815cc8e38 method=com.sun.tools.javac.code.Scope.lookup(Lcom/sun/tools/javac/util/Name;Lcom/sun/tools/javac/util/Filter;)Lcom/sun/tools/javac/code/Scope$Entry; @ 49
Event: 277.665 Thread 0x00007f182400a000 Uncommon trap: reason=predicate action=maybe_recompile pc=0x00007f1815f72b38 method=com.sun.tools.javac.tree.TreeScanner.scan(Lcom/sun/tools/javac/util/List;)V @ 13

Internal exceptions (10 events):
Event: 14.593 Thread 0x00007f182400a000 Implicit null exception at 0x00007f18159309d5 to 0x00007f1815930ac9
Event: 19.780 Thread 0x00007f182400a000 Exception <a 'java/lang/NoClassDefFoundError': org/slf4j/Logger> (0x000000078de96520) thrown at [/build/openjdk-8-aSS7v6/openjdk-8-8u131-b11/src/hotspot/src/share/vm/oops/constantPool.cpp, line 235]
Event: 21.257 Thread 0x00007f182400a000 Exception <a 'java/lang/NoClassDefFoundError': org/slf4j/Logger> (0x000000078e6ab8e8) thrown at [/build/openjdk-8-aSS7v6/openjdk-8-8u131-b11/src/hotspot/src/share/vm/oops/constantPool.cpp, line 235]
Event: 25.316 Thread 0x00007f182400a000 Exception <a 'java/lang/NoClassDefFoundError': org/slf4j/Logger> (0x000000078fa2e638) thrown at [/build/openjdk-8-aSS7v6/openjdk-8-8u131-b11/src/hotspot/src/share/vm/oops/constantPool.cpp, line 235]
Event: 25.891 Thread 0x00007f182400a000 Exception <a 'java/lang/ClassNotFoundException': com/sun/tools/javac/api/JavacTool> (0x00000007906bd768) thrown at [/build/openjdk-8-aSS7v6/openjdk-8-8u131-b11/src/hotspot/src/share/vm/classfile/systemDictionary.cpp, line 210]
Event: 51.018 Thread 0x00007f182400a000 Exception <a 'java/io/FileNotFoundException'> (0x0000000795f15fa8) thrown at [/build/openjdk-8-aSS7v6/openjdk-8-8u131-b11/src/hotspot/src/share/vm/prims/jni.cpp, line 709]
Event: 51.314 Thread 0x00007f182400a000 Exception <a 'java/io/FileNotFoundException'> (0x0000000795f3c0c8) thrown at [/build/openjdk-8-aSS7v6/openjdk-8-8u131-b11/src/hotspot/src/share/vm/prims/jni.cpp, line 709]
Event: 51.343 Thread 0x00007f182400a000 Exception <a 'java/io/FileNotFoundException'> (0x0000000795f3ccb8) thrown at [/build/openjdk-8-aSS7v6/openjdk-8-8u131-b11/src/hotspot/src/share/vm/prims/jni.cpp, line 709]
Event: 52.890 Thread 0x00007f182400a000 Exception <a 'java/io/FileNotFoundException'> (0x00000007964a69f0) thrown at [/build/openjdk-8-aSS7v6/openjdk-8-8u131-b11/src/hotspot/src/share/vm/prims/jni.cpp, line 709]
Event: 148.915 Thread 0x00007f182400a000 Exception <a 'java/io/FileNotFoundException'> (0x000000078d485eb0) thrown at [/build/openjdk-8-aSS7v6/openjdk-8-8u131-b11/src/hotspot/src/share/vm/prims/jni.cpp, line 709]

Events (10 events):
Event: 277.665 Thread 0x00007f182400a000 DEOPT UNPACKING pc=0x00007f1815004f69 sp=0x00007f182e5470a8 mode 2
Event: 277.744 loading class com/sun/tools/javac/code/TypeAnnotationPosition
Event: 277.797 loading class com/sun/tools/javac/code/TypeAnnotationPosition done
Event: 277.875 loading class com/sun/tools/javac/code/TypeAnnotations$3
Event: 277.875 loading class com/sun/tools/javac/code/TypeAnnotations$3 done
Event: 278.025 loading class com/sun/source/tree/Tree$Kind
Event: 278.025 loading class com/sun/source/tree/Tree$Kind done
Event: 278.333 loading class com/sun/tools/javac/code/TypeAnnotations$AnnotationType
Event: 278.333 loading class com/sun/tools/javac/code/TypeAnnotations$AnnotationType done
Event: 278.499 Executing VM operation: CollectForMetadataAllocation


Dynamic libraries:
00400000-00401000 r-xp 00000000 08:01 10779510                           /usr/lib/jvm/java-8-openjdk-amd64/jre/bin/java
00600000-00601000 r--p 00000000 08:01 10779510                           /usr/lib/jvm/java-8-openjdk-amd64/jre/bin/java
00601000-00602000 rw-p 00001000 08:01 10779510                           /usr/lib/jvm/java-8-openjdk-amd64/jre/bin/java
0158b000-015ac000 rw-p 00000000 00:00 0                                  [heap]
725a00000-72c200000 rw-p 00000000 00:00 0 
72c200000-78c900000 ---p 00000000 00:00 0 
78c900000-799a00000 rw-p 00000000 00:00 0 
7a3d00000-7c0000000 ---p 00000000 00:00 0 
7c0000000-7c0280000 rw-p 00000000 00:00 0 
7c0280000-800000000 ---p 00000000 00:00 0 
7f17cc000000-7f17cc021000 rw-p 00000000 00:00 0 
7f17cc021000-7f17d0000000 ---p 00000000 00:00 0 
7f17d4000000-7f17d4021000 rw-p 00000000 00:00 0 
7f17d4021000-7f17d8000000 ---p 00000000 00:00 0 
7f17d8000000-7f17d8021000 rw-p 00000000 00:00 0 
7f17d8021000-7f17dc000000 ---p 00000000 00:00 0 
7f17dc000000-7f17dd9aa000 rw-p 00000000 00:00 0 
7f17dd9aa000-7f17e0000000 ---p 00000000 00:00 0 
7f17e0000000-7f17e0874000 rw-p 00000000 00:00 0 
7f17e0874000-7f17e4000000 ---p 00000000 00:00 0 
7f17e4000000-7f17e4021000 rw-p 00000000 00:00 0 
7f17e4021000-7f17e8000000 ---p 00000000 00:00 0 
7f17e8000000-7f17e9c30000 rw-p 00000000 00:00 0 
7f17e9c30000-7f17ec000000 ---p 00000000 00:00 0 
7f17ec000000-7f17ec021000 rw-p 00000000 00:00 0 
7f17ec021000-7f17f0000000 ---p 00000000 00:00 0 
7f17f0000000-7f17f0021000 rw-p 00000000 00:00 0 
7f17f0021000-7f17f4000000 ---p 00000000 00:00 0 
7f17f4000000-7f17f4021000 rw-p 00000000 00:00 0 
7f17f4021000-7f17f8000000 ---p 00000000 00:00 0 
7f17fb2d0000-7f1800000000 rw-p 00000000 00:00 0 
7f1800000000-7f1800021000 rw-p 00000000 00:00 0 
7f1800021000-7f1804000000 ---p 00000000 00:00 0 
7f1804000000-7f1804021000 rw-p 00000000 00:00 0 
7f1804021000-7f1808000000 ---p 00000000 00:00 0 
7f1808000000-7f1808021000 rw-p 00000000 00:00 0 
7f1808021000-7f180c000000 ---p 00000000 00:00 0 
7f180ee45000-7f180ee85000 rw-p 00000000 00:00 0 
7f180ee85000-7f180f045000 ---p 00000000 00:00 0 
7f180f045000-7f180f245000 rw-p 00000000 00:00 0 
7f180f25b000-7f180f45b000 rw-p 00000000 00:00 0 
7f180f45b000-7f180f4d4000 r--s 010fd000 08:01 10779460                   /usr/lib/jvm/java-8-openjdk-amd64/lib/tools.jar
7f180f4d4000-7f180f6d4000 rw-p 00000000 00:00 0 
7f180f6d4000-7f180f6e5000 r-xp 00000000 08:01 10776391                   /usr/lib/jvm/java-8-openjdk-amd64/jre/lib/amd64/libnio.so
7f180f6e5000-7f180f8e5000 ---p 00011000 08:01 10776391                   /usr/lib/jvm/java-8-openjdk-amd64/jre/lib/amd64/libnio.so
7f180f8e5000-7f180f8e6000 r--p 00011000 08:01 10776391                   /usr/lib/jvm/java-8-openjdk-amd64/jre/lib/amd64/libnio.so
7f180f8e6000-7f180f8e7000 rw-p 00012000 08:01 10776391                   /usr/lib/jvm/java-8-openjdk-amd64/jre/lib/amd64/libnio.so
7f180f8e7000-7f180fbe8000 rw-p 00000000 00:00 0 
7f180fbe8000-7f180fbff000 r-xp 00000000 08:01 10776377                   /usr/lib/jvm/java-8-openjdk-amd64/jre/lib/amd64/libnet.so
7f180fbff000-7f180fdfe000 ---p 00017000 08:01 10776377                   /usr/lib/jvm/java-8-openjdk-amd64/jre/lib/amd64/libnet.so
7f180fdfe000-7f180fdff000 r--p 00016000 08:01 10776377                   /usr/lib/jvm/java-8-openjdk-amd64/jre/lib/amd64/libnet.so
7f180fdff000-7f180fe00000 rw-p 00017000 08:01 10776377                   /usr/lib/jvm/java-8-openjdk-amd64/jre/lib/amd64/libnet.so
7f180fe00000-7f1810000000 rw-p 00000000 00:00 0 
7f1810000000-7f1810021000 rw-p 00000000 00:00 0 
7f1810021000-7f1814000000 ---p 00000000 00:00 0 
7f181404a000-7f181404d000 r--s 0001b000 08:01 14446991                   /home/deeta1/.m2/repository/junit/junit/3.8.2/junit-3.8.2.jar
7f181404d000-7f181405b000 r--s 0008f000 08:01 14446990                   /home/deeta1/.m2/repository/com/google/collections/google-collections/1.0/google-collections-1.0.jar
7f181405b000-7f181405c000 r--s 0000a000 08:01 13659735                   /home/deeta1/.m2/repository/commons-logging/commons-logging-api/1.1/commons-logging-api-1.1.jar
7f181405c000-7f1814063000 r--s 00051000 08:01 14184920                   /home/deeta1/.m2/repository/log4j/log4j/1.2.12/log4j-1.2.12.jar
7f1814063000-7f1814067000 r--s 0001d000 08:01 14446987                   /home/deeta1/.m2/repository/org/apache/xbean/xbean-reflect/3.4/xbean-reflect-3.4.jar
7f1814067000-7f1814068000 r--s 00004000 08:01 14446986                   /home/deeta1/.m2/repository/org/codehaus/plexus/plexus-compiler-javac/2.2/plexus-compiler-javac-2.2.jar
7f1814068000-7f181406a000 r--s 00000000 08:01 14446985                   /home/deeta1/.m2/repository/org/codehaus/plexus/plexus-compiler-manager/2.2/plexus-compiler-manager-2.2.jar
7f181406a000-7f181406c000 r--s 00005000 08:01 14446981                   /home/deeta1/.m2/repository/org/codehaus/plexus/plexus-compiler-api/2.2/plexus-compiler-api-2.2.jar
7f181406c000-7f181406e000 r--s 00002000 08:01 13659730                   /home/deeta1/.m2/repository/org/apache/maven/shared/maven-shared-incremental/1.1/maven-shared-incremental-1.1.jar
7f181406e000-7f1814070000 r--s 00006000 08:01 13659729                   /home/deeta1/.m2/repository/com/google/code/findbugs/jsr305/2.0.1/jsr305-2.0.1.jar
7f1814070000-7f1814073000 r--s 00023000 08:01 13659731                   /home/deeta1/.m2/repository/org/apache/maven/shared/maven-shared-utils/0.1/maven-shared-utils-0.1.jar
7f1814073000-7f1814077000 r--s 00030000 08:01 14446982                   /home/deeta1/.m2/repository/org/codehaus/plexus/plexus-utils/1.5.1/plexus-utils-1.5.1.jar
7f1814077000-7f1814079000 r--s 00009000 08:01 12225205                   /home/deeta1/.m2/repository/org/apache/maven/plugins/maven-compiler-plugin/3.1/maven-compiler-plugin-3.1.jar
7f1814079000-7f181407b000 r--s 0000d000 08:01 14446929                   /home/deeta1/.m2/repository/org/codehaus/plexus/plexus-interpolation/1.13/plexus-interpolation-1.13.jar
7f181407b000-7f181407c000 r--s 00001000 08:01 13266159                   /home/deeta1/.m2/repository/org/sonatype/plexus/plexus-build-api/0.0.4/plexus-build-api-0.0.4.jar
7f181407c000-7f181407e000 r--s 00009000 08:01 13659635                   /home/deeta1/.m2/repository/org/apache/maven/shared/maven-filtering/1.0/maven-filtering-1.0.jar
7f181407e000-7f181407f000 r--s 00001000 08:01 13659636                   /home/deeta1/.m2/repository/org/apache/maven/doxia/doxia-sink-api/1.0-alpha-7/doxia-sink-api-1.0-alpha-7.jar
7f181407f000-7f1814080000 r--s 00002000 08:01 13659634                   /home/deeta1/.m2/repository/org/apache/maven/reporting/maven-reporting-api/2.0.6/maven-reporting-api-2.0.6.jar
7f1814080000-7f1814082000 r--s 00005000 08:01 12225193                   /home/deeta1/.m2/repository/org/apache/maven/plugins/maven-resources-plugin/2.5/maven-resources-plugin-2.5.jar
7f1814082000-7f1814090000 r--s 0007f000 08:01 14446908                   /home/deeta1/.m2/repository/commons-collections/commons-collections/3.2.1/commons-collections-3.2.1.jar
7f1814090000-7f1814095000 r--s 00041000 08:01 14184917                   /home/deeta1/.m2/repository/commons-lang/commons-lang/2.6/commons-lang-2.6.jar
7f1814095000-7f1814097000 r--s 00006000 08:01 13659611                   /home/deeta1/.m2/repository/org/apache/maven/shared/maven-invoker/2.0.11/maven-invoker-2.0.11.jar
7f1814097000-7f1814099000 r--s 00006000 08:01 13659609                   /home/deeta1/.m2/repository/org/apache/maven/shared/maven-common-artifact-filters/1.4/maven-common-artifact-filters-1.4.jar
7f1814099000-7f181409b000 r--s 0000c000 08:01 13659607                   /home/deeta1/.m2/repository/org/apache/maven/shared/maven-dependency-tree/2.0/maven-dependency-tree-2.0.jar
7f181409b000-7f181409d000 r--s 00000000 08:01 14446906                   /home/deeta1/.m2/repository/org/codehaus/plexus/plexus-component-annotations/1.5.5/plexus-component-annotations-1.5.5.jar
7f181409d000-7f181409e000 r--s 0000a000 08:01 14184915                   /home/deeta1/.m2/repository/asm/asm/3.3.1/asm-3.3.1.jar
7f181409e000-7f18140a0000 r--s 00005000 08:01 13659605                   /home/deeta1/.m2/repository/org/apache/maven/shared/maven-dependency-analyzer/1.3/maven-dependency-analyzer-1.3.jar
7f18140a0000-7f18140a3000 r--s 0000c000 08:01 14446904                   /home/deeta1/.m2/repository/org/codehaus/plexus/plexus-io/2.0.6/plexus-io-2.0.6.jar
7f18140a3000-7f18140a6000 r--s 0001b000 08:01 14315837                   /home/deeta1/.m2/repository/junit/junit/3.8.1/junit-3.8.1.jar
7f18140a6000-7f18140a8000 r--s 00008000 08:01 13659604                   /home/deeta1/.m2/repository/org/apache/maven/shared/maven-shared-io/1.1/maven-shared-io-1.1.jar
7f18140a8000-7f18140aa000 r--s 00008000 08:01 13659602                   /home/deeta1/.m2/repository/org/apache/maven/shared/file-management/1.2.1/file-management-1.2.1.jar
7f18140aa000-7f18140ae000 r--s 00035000 08:01 14446902                   /home/deeta1/.m2/repository/org/codehaus/plexus/plexus-utils/3.0.9/plexus-utils-3.0.9.jar
7f18140ae000-7f18140b3000 r--s 00029000 08:01 14446901                   /home/deeta1/.m2/repository/org/codehaus/plexus/plexus-archiver/2.2/plexus-archiver-2.2.jar
7f18140b3000-7f18140b5000 r--s 00004000 08:01 13400925                   /home/deeta1/.m2/repository/org/apache/maven/doxia/doxia-module-xhtml/1.0/doxia-module-xhtml-1.0.jar
7f18140b5000-7f18140b6000 r--s 00006000 08:01 13266152                   /home/deeta1/.m2/repository/org/apache/maven/doxia/doxia-module-xdoc/1.0/doxia-module-xdoc-1.0.jar
7f18140b6000-7f18140b7000 r--s 00004000 08:01 13266151                   /home/deeta1/.m2/repository/org/apache/maven/doxia/doxia-module-fml/1.0/doxia-module-fml-1.0.jar
7f18140b7000-7f18140b9000 r--s 0000a000 08:01 13134444                   /home/deeta1/.m2/repository/org/apache/maven/doxia/doxia-module-apt/1.0/doxia-module-apt-1.0.jar
7f18140b9000-7f18140ba000 r--s 0000b000 08:01 13134443                   /home/deeta1/.m2/repository/org/apache/maven/doxia/doxia-decoration-model/1.0/doxia-decoration-model-1.0.jar
7f18140ba000-7f18140c2000 r--s 00058000 08:01 14446896                   /home/deeta1/.m2/repository/org/apache/velocity/velocity/1.5/velocity-1.5.jar
7f18140c2000-7f18140c3000 r--s 00001000 08:01 14446895                   /home/deeta1/.m2/repository/org/codehaus/plexus/plexus-velocity/1.1.7/plexus-velocity-1.1.7.jar
7f18140c3000-7f18140c4000 r--s 00002000 08:01 14446894                   /home/deeta1/.m2/repository/org/codehaus/plexus/plexus-i18n/1.0-beta-7/plexus-i18n-1.0-beta-7.jar
7f18140c4000-7f18140c6000 r--s 0000a000 08:01 12873429                   /home/deeta1/.m2/repository/org/apache/maven/doxia/doxia-site-renderer/1.0/doxia-site-renderer-1.0.jar
7f18140c6000-7f18140cb000 r--s 00016000 08:01 14315794                   /home/deeta1/.m2/repository/xml-apis/xml-apis/1.0.b2/xml-apis-1.0.b2.jar
7f18140cb000-7f18140cd000 r--s 0000e000 08:01 14446892                   /home/deeta1/.m2/repository/oro/oro/2.0.8/oro-2.0.8.jar
7f18140cd000-7f18140cf000 r--s 00008000 08:01 12742314                   /home/deeta1/.m2/repository/commons-logging/commons-logging/1.0.4/commons-logging-1.0.4.jar
7f18140cf000-7f18140d3000 r--s 00026000 08:01 14446888                   /home/deeta1/.m2/repository/commons-digester/commons-digester/1.6/commons-digester-1.6.jar
7f18140d3000-7f18140d8000 r--s 0002a000 08:01 14446887                   /home/deeta1/.m2/repository/commons-beanutils/commons-beanutils/1.7.0/commons-beanutils-1.7.0.jar
7f18140d8000-7f18140db000 r--s 00014000 08:01 14446886                   /home/deeta1/.m2/repository/commons-validator/commons-validator/1.2.0/commons-validator-1.2.0.jar
7f18140db000-7f18140de000 r--s 00018000 08:01 14446885                   /home/deeta1/.m2/repository/commons-io/commons-io/1.4/commons-io-1.4.jar
7f18140de000-7f18140e0000 r--s 00009000 08:01 13528413                   /home/deeta1/.m2/repository/org/apache/maven/shared/maven-doxia-tools/1.0.2/maven-doxia-tools-1.0.2.jar
7f18140e0000-7f18140e3000 r--s 0000b000 08:01 12873426                   /home/deeta1/.m2/repository/org/apache/maven/doxia/doxia-core/1.0/doxia-core-1.0.jar
7f18140e3000-7f18140e5000 r--s 00004000 08:01 12873425                   /home/deeta1/.m2/repository/org/apache/maven/reporting/maven-reporting-impl/2.0.5/maven-reporting-impl-2.0.5.jar
7f18140e5000-7f18140e8000 ---p 00000000 00:00 0 
7f18140e8000-7f181431e000 rw-p 00000000 00:00 0 
7f181431e000-7f181431f000 ---p 00000000 00:00 0 
7f181431f000-7f181441f000 rw-p 00000000 00:00 0 
7f181441f000-7f1814422000 ---p 00000000 00:00 0 
7f1814422000-7f1814520000 rw-p 00000000 00:00 0 
7f1814520000-7f1814523000 ---p 00000000 00:00 0 
7f1814523000-7f1814621000 rw-p 00000000 00:00 0 
7f1814621000-7f1814624000 ---p 00000000 00:00 0 
7f1814624000-7f1814722000 rw-p 00000000 00:00 0 
7f1814722000-7f1814725000 ---p 00000000 00:00 0 
7f1814725000-7f1814823000 rw-p 00000000 00:00 0 
7f1814823000-7f1814826000 ---p 00000000 00:00 0 
7f1814826000-7f1814924000 rw-p 00000000 00:00 0 
7f1814924000-7f1814bfc000 r--p 00000000 08:01 10128678                   /usr/lib/locale/locale-archive
7f1814bfc000-7f1814bff000 ---p 00000000 00:00 0 
7f1814bff000-7f1814cfd000 rw-p 00000000 00:00 0 
7f1814cfd000-7f1814d00000 ---p 00000000 00:00 0 
7f1814d00000-7f1814dfe000 rw-p 00000000 00:00 0 
7f1814dfe000-7f1814dff000 ---p 00000000 00:00 0 
7f1814dff000-7f1815000000 rw-p 00000000 00:00 0 
7f1815000000-7f1815ff0000 rwxp 00000000 00:00 0 
7f1815ff0000-7f1824000000 ---p 00000000 00:00 0 
7f1824000000-7f1824e91000 rw-p 00000000 00:00 0 
7f1824e91000-7f1828000000 ---p 00000000 00:00 0 
7f1828000000-7f1828001000 r--s 00002000 08:01 12742315                   /home/deeta1/.m2/repository/org/apache/maven/doxia/doxia-sink-api/1.0/doxia-sink-api-1.0.jar
7f1828001000-7f1828002000 r--s 00002000 08:01 12742312                   /home/deeta1/.m2/repository/org/apache/maven/reporting/maven-reporting-api/3.0/maven-reporting-api-3.0.jar
7f1828002000-7f1828004000 r--s 00002000 08:01 14446882                   /home/deeta1/.m2/repository/org/codehaus/plexus/plexus-interactivity-api/1.0-alpha-4/plexus-interactivity-api-1.0-alpha-4.jar
7f1828004000-7f1828006000 r--s 00006000 08:01 14446881                   /home/deeta1/.m2/repository/commons-cli/commons-cli/1.0/commons-cli-1.0.jar
7f1828006000-7f1828009000 r--s 00021000 08:01 12225217                   /home/deeta1/.m2/repository/org/apache/maven/plugins/maven-dependency-plugin/2.6/maven-dependency-plugin-2.6.jar
7f1828009000-7f182800d000 r--s 00033000 08:01 14446544                   /home/deeta1/.m2/repository/org/codehaus/plexus/plexus-utils/2.0.5/plexus-utils-2.0.5.jar
7f182800d000-7f182800e000 r--s 00005000 08:01 12225221                   /home/deeta1/.m2/repository/org/apache/maven/plugins/maven-clean-plugin/2.4.1/maven-clean-plugin-2.4.1.jar
7f182800e000-7f182800f000 r--p 00000000 00:00 0 
7f182800f000-7f1828014000 r--s 0009a000 08:01 10776360                   /usr/lib/jvm/java-8-openjdk-amd64/jre/lib/jsse.jar
7f1828014000-7f1828016000 r--s 0000d000 08:01 13397734                   /home/deeta1/netbeans-8.2/java/maven-nblib/netbeans-eventspy.jar
7f1828016000-7f1828018000 r--s 00002000 08:01 13397744                   /home/deeta1/netbeans-8.2/java/maven/lib/plexus-cipher-1.7.jar
7f1828018000-7f182801f000 r--s 0002b000 08:01 13397685                   /home/deeta1/netbeans-8.2/java/maven/lib/sisu-inject-plexus-2.3.0.jar
7f182801f000-7f1828022000 r--s 0001d000 08:01 13397738                   /home/deeta1/netbeans-8.2/java/maven/lib/aether-impl-1.13.1.jar
7f1828022000-7f1828026000 r--s 00013000 08:01 13397745                   /home/deeta1/netbeans-8.2/java/maven/lib/aether-api-1.13.1.jar
7f1828026000-7f1828028000 r--s 00006000 08:01 13397516                   /home/deeta1/netbeans-8.2/java/maven/lib/maven-repository-metadata-3.0.5.jar
7f1828028000-7f182802c000 r--s 00033000 08:01 13397737                   /home/deeta1/netbeans-8.2/java/maven/lib/plexus-utils-2.0.6.jar
7f182802c000-7f1828030000 r--s 0001c000 08:01 13397739                   /home/deeta1/netbeans-8.2/java/maven/lib/aether-util-1.13.1.jar
7f1828030000-7f1828032000 r--s 00006000 08:01 13397582                   /home/deeta1/netbeans-8.2/java/maven/lib/aether-connector-wagon-1.13.1.jar
7f1828032000-7f1828034000 r--s 0000b000 08:01 13397710                   /home/deeta1/netbeans-8.2/java/maven/lib/maven-plugin-api-3.0.5.jar
7f1828034000-7f1828038000 r--s 00021000 08:01 13397664                   /home/deeta1/netbeans-8.2/java/maven/lib/maven-model-builder-3.0.5.jar
7f1828038000-7f182803a000 r--s 00000000 08:01 13397395                   /home/deeta1/netbeans-8.2/java/maven/lib/plexus-component-annotations-1.5.5.jar
7f182803a000-7f182803c000 r--s 0000b000 08:01 13397724                   /home/deeta1/netbeans-8.2/java/maven/lib/maven-artifact-3.0.5.jar
7f182803c000-7f182803e000 r--s 00009000 08:01 13397755                   /home/deeta1/netbeans-8.2/java/maven/lib/commons-cli-1.2.jar
7f182803e000-7f1828040000 r--s 0000c000 08:01 13397629                   /home/deeta1/netbeans-8.2/java/maven/lib/maven-aether-provider-3.0.5.jar
7f1828040000-7f1828042000 r--s 0000d000 08:01 13397666                   /home/deeta1/netbeans-8.2/java/maven/lib/plexus-interpolation-1.14.jar
7f1828042000-7f1828071000 r--s 001c8000 08:01 13397709                   /home/deeta1/netbeans-8.2/java/maven/lib/wagon-http-2.10-shaded.jar
7f1828071000-7f1828072000 r--s 0000a000 08:01 13397725                   /home/deeta1/netbeans-8.2/java/maven/lib/maven-embedder-3.0.5.jar
7f1828072000-7f1828074000 r--s 00026000 08:01 13397743                   /home/deeta1/netbeans-8.2/java/maven/lib/maven-model-3.0.5.jar
7f1828074000-7f1828077000 r--s 00008000 08:01 13397611                   /home/deeta1/netbeans-8.2/java/maven/lib/maven-settings-builder-3.0.5.jar
7f1828077000-7f1828078000 r--s 00002000 08:01 13397754                   /home/deeta1/netbeans-8.2/java/maven/lib/wagon-file-2.10.jar
7f1828078000-7f1828079000 r--s 00002000 08:01 13397712                   /home/deeta1/netbeans-8.2/java/maven/lib/wagon-http-shared-2.10.jar
7f1828079000-7f182807a000 r--s 00006000 08:01 13397665                   /home/deeta1/netbeans-8.2/java/maven/lib/plexus-sec-dispatcher-1.3.jar
7f182807a000-7f1828099000 r--s 00154000 08:01 13397752                   /home/deeta1/netbeans-8.2/java/maven/lib/sisu-guava-0.9.9.jar
7f1828099000-7f18280a1000 r--s 00050000 08:01 13397696                   /home/deeta1/netbeans-8.2/java/maven/lib/sisu-guice-3.1.0-no_aop.jar
7f18280a1000-7f18280ad000 r--s 0007d000 08:01 13397751                   /home/deeta1/netbeans-8.2/java/maven/lib/maven-core-3.0.5.jar
7f18280ad000-7f18280b4000 r--s 0003f000 08:01 13397711                   /home/deeta1/netbeans-8.2/java/maven/lib/sisu-inject-bean-2.3.0.jar
7f18280b4000-7f18280ba000 r--s 0003f000 08:01 13397740                   /home/deeta1/netbeans-8.2/java/maven/lib/maven-compat-3.0.5.jar
7f18280ba000-7f18280bb000 r--s 00003000 08:01 13397746                   /home/deeta1/netbeans-8.2/java/maven/lib/aether-spi-1.13.1.jar
7f18280bb000-7f18280d6000 r--s 00394000 08:01 10776352                   /usr/lib/jvm/java-8-openjdk-amd64/jre/lib/ext/cldrdata.jar
7f18280d6000-7f18280e0000 r--s 00116000 08:01 10776351                   /usr/lib/jvm/java-8-openjdk-amd64/jre/lib/ext/localedata.jar
7f18280e0000-7f18280fb000 r--s 001d6000 08:01 10776349                   /usr/lib/jvm/java-8-openjdk-amd64/jre/lib/ext/nashorn.jar
7f18280fb000-7f1828fdb000 rw-p 00000000 00:00 0 
7f1828fdb000-7f18291a9000 r--s 03c13000 08:01 10779502                   /usr/lib/jvm/java-8-openjdk-amd64/jre/lib/rt.jar
7f18291a9000-7f1829ef2000 rw-p 00000000 00:00 0 
7f1829ef2000-7f1829ef3000 ---p 00000000 00:00 0 
7f1829ef3000-7f1829ff3000 rw-p 00000000 00:00 0 
7f1829ff3000-7f1829ff4000 ---p 00000000 00:00 0 
7f1829ff4000-7f182a0f4000 rw-p 00000000 00:00 0 
7f182a0f4000-7f182a0f5000 ---p 00000000 00:00 0 
7f182a0f5000-7f182a1f5000 rw-p 00000000 00:00 0 
7f182a1f5000-7f182a1f6000 ---p 00000000 00:00 0 
7f182a1f6000-7f182a32a000 rw-p 00000000 00:00 0 
7f182a32a000-7f182a62e000 ---p 00000000 00:00 0 
7f182a62e000-7f182a662000 rw-p 00000000 00:00 0 
7f182a662000-7f182a965000 ---p 00000000 00:00 0 
7f182a965000-7f182a9ce000 rw-p 00000000 00:00 0 
7f182a9ce000-7f182ab01000 ---p 00000000 00:00 0 
7f182ab01000-7f182ab42000 rw-p 00000000 00:00 0 
7f182ab42000-7f182aec2000 ---p 00000000 00:00 0 
7f182aec2000-7f182aeca000 r-xp 00000000 08:01 10776386                   /usr/lib/jvm/java-8-openjdk-amd64/jre/lib/amd64/libzip.so
7f182aeca000-7f182b0c9000 ---p 00008000 08:01 10776386                   /usr/lib/jvm/java-8-openjdk-amd64/jre/lib/amd64/libzip.so
7f182b0c9000-7f182b0ca000 r--p 00007000 08:01 10776386                   /usr/lib/jvm/java-8-openjdk-amd64/jre/lib/amd64/libzip.so
7f182b0ca000-7f182b0cb000 rw-p 00008000 08:01 10776386                   /usr/lib/jvm/java-8-openjdk-amd64/jre/lib/amd64/libzip.so
7f182b0cb000-7f182b0d6000 r-xp 00000000 08:01 11557508                   /lib/x86_64-linux-gnu/libnss_files-2.23.so
7f182b0d6000-7f182b2d5000 ---p 0000b000 08:01 11557508                   /lib/x86_64-linux-gnu/libnss_files-2.23.so
7f182b2d5000-7f182b2d6000 r--p 0000a000 08:01 11557508                   /lib/x86_64-linux-gnu/libnss_files-2.23.so
7f182b2d6000-7f182b2d7000 rw-p 0000b000 08:01 11557508                   /lib/x86_64-linux-gnu/libnss_files-2.23.so
7f182b2d7000-7f182b2dd000 rw-p 00000000 00:00 0 
7f182b2dd000-7f182b2e8000 r-xp 00000000 08:01 11557514                   /lib/x86_64-linux-gnu/libnss_nis-2.23.so
7f182b2e8000-7f182b4e7000 ---p 0000b000 08:01 11557514                   /lib/x86_64-linux-gnu/libnss_nis-2.23.so
7f182b4e7000-7f182b4e8000 r--p 0000a000 08:01 11557514                   /lib/x86_64-linux-gnu/libnss_nis-2.23.so
7f182b4e8000-7f182b4e9000 rw-p 0000b000 08:01 11557514                   /lib/x86_64-linux-gnu/libnss_nis-2.23.so
7f182b4e9000-7f182b4ff000 r-xp 00000000 08:01 11557496                   /lib/x86_64-linux-gnu/libnsl-2.23.so
7f182b4ff000-7f182b6fe000 ---p 00016000 08:01 11557496                   /lib/x86_64-linux-gnu/libnsl-2.23.so
7f182b6fe000-7f182b6ff000 r--p 00015000 08:01 11557496                   /lib/x86_64-linux-gnu/libnsl-2.23.so
7f182b6ff000-7f182b700000 rw-p 00016000 08:01 11557496                   /lib/x86_64-linux-gnu/libnsl-2.23.so
7f182b700000-7f182b702000 rw-p 00000000 00:00 0 
7f182b702000-7f182b70a000 r-xp 00000000 08:01 11557525                   /lib/x86_64-linux-gnu/libnss_compat-2.23.so
7f182b70a000-7f182b909000 ---p 00008000 08:01 11557525                   /lib/x86_64-linux-gnu/libnss_compat-2.23.so
7f182b909000-7f182b90a000 r--p 00007000 08:01 11557525                   /lib/x86_64-linux-gnu/libnss_compat-2.23.so
7f182b90a000-7f182b90b000 rw-p 00008000 08:01 11557525                   /lib/x86_64-linux-gnu/libnss_compat-2.23.so
7f182b90b000-7f182b938000 r-xp 00000000 08:01 10776404                   /usr/lib/jvm/java-8-openjdk-amd64/jre/lib/amd64/libjava.so
7f182b938000-7f182bb37000 ---p 0002d000 08:01 10776404                   /usr/lib/jvm/java-8-openjdk-amd64/jre/lib/amd64/libjava.so
7f182bb37000-7f182bb38000 r--p 0002c000 08:01 10776404                   /usr/lib/jvm/java-8-openjdk-amd64/jre/lib/amd64/libjava.so
7f182bb38000-7f182bb3a000 rw-p 0002d000 08:01 10776404                   /usr/lib/jvm/java-8-openjdk-amd64/jre/lib/amd64/libjava.so
7f182bb3a000-7f182bb49000 r-xp 00000000 08:01 10776378                   /usr/lib/jvm/java-8-openjdk-amd64/jre/lib/amd64/libverify.so
7f182bb49000-7f182bd48000 ---p 0000f000 08:01 10776378                   /usr/lib/jvm/java-8-openjdk-amd64/jre/lib/amd64/libverify.so
7f182bd48000-7f182bd4a000 r--p 0000e000 08:01 10776378                   /usr/lib/jvm/java-8-openjdk-amd64/jre/lib/amd64/libverify.so
7f182bd4a000-7f182bd4b000 rw-p 00010000 08:01 10776378                   /usr/lib/jvm/java-8-openjdk-amd64/jre/lib/amd64/libverify.so
7f182bd4b000-7f182bd52000 r-xp 00000000 08:01 11557517                   /lib/x86_64-linux-gnu/librt-2.23.so
7f182bd52000-7f182bf51000 ---p 00007000 08:01 11557517                   /lib/x86_64-linux-gnu/librt-2.23.so
7f182bf51000-7f182bf52000 r--p 00006000 08:01 11557517                   /lib/x86_64-linux-gnu/librt-2.23.so
7f182bf52000-7f182bf53000 rw-p 00007000 08:01 11557517                   /lib/x86_64-linux-gnu/librt-2.23.so
7f182bf53000-7f182bf69000 r-xp 00000000 08:01 11561393                   /lib/x86_64-linux-gnu/libgcc_s.so.1
7f182bf69000-7f182c168000 ---p 00016000 08:01 11561393                   /lib/x86_64-linux-gnu/libgcc_s.so.1
7f182c168000-7f182c169000 rw-p 00015000 08:01 11561393                   /lib/x86_64-linux-gnu/libgcc_s.so.1
7f182c169000-7f182c271000 r-xp 00000000 08:01 11557535                   /lib/x86_64-linux-gnu/libm-2.23.so
7f182c271000-7f182c470000 ---p 00108000 08:01 11557535                   /lib/x86_64-linux-gnu/libm-2.23.so
7f182c470000-7f182c471000 r--p 00107000 08:01 11557535                   /lib/x86_64-linux-gnu/libm-2.23.so
7f182c471000-7f182c472000 rw-p 00108000 08:01 11557535                   /lib/x86_64-linux-gnu/libm-2.23.so
7f182c472000-7f182c5e4000 r-xp 00000000 08:01 10114433                   /usr/lib/x86_64-linux-gnu/libstdc++.so.6.0.21
7f182c5e4000-7f182c7e4000 ---p 00172000 08:01 10114433                   /usr/lib/x86_64-linux-gnu/libstdc++.so.6.0.21
7f182c7e4000-7f182c7ee000 r--p 00172000 08:01 10114433                   /usr/lib/x86_64-linux-gnu/libstdc++.so.6.0.21
7f182c7ee000-7f182c7f0000 rw-p 0017c000 08:01 10114433                   /usr/lib/x86_64-linux-gnu/libstdc++.so.6.0.21
7f182c7f0000-7f182c7f4000 rw-p 00000000 00:00 0 
7f182c7f4000-7f182d448000 r-xp 00000000 08:01 10776388                   /usr/lib/jvm/java-8-openjdk-amd64/jre/lib/amd64/server/libjvm.so
7f182d448000-7f182d648000 ---p 00c54000 08:01 10776388                   /usr/lib/jvm/java-8-openjdk-amd64/jre/lib/amd64/server/libjvm.so
7f182d648000-7f182d6db000 r--p 00c54000 08:01 10776388                   /usr/lib/jvm/java-8-openjdk-amd64/jre/lib/amd64/server/libjvm.so
7f182d6db000-7f182d704000 rw-p 00ce7000 08:01 10776388                   /usr/lib/jvm/java-8-openjdk-amd64/jre/lib/amd64/server/libjvm.so
7f182d704000-7f182d734000 rw-p 00000000 00:00 0 
7f182d734000-7f182d74c000 r-xp 00000000 08:01 11557513                   /lib/x86_64-linux-gnu/libpthread-2.23.so
7f182d74c000-7f182d94b000 ---p 00018000 08:01 11557513                   /lib/x86_64-linux-gnu/libpthread-2.23.so
7f182d94b000-7f182d94c000 r--p 00017000 08:01 11557513                   /lib/x86_64-linux-gnu/libpthread-2.23.so
7f182d94c000-7f182d94d000 rw-p 00018000 08:01 11557513                   /lib/x86_64-linux-gnu/libpthread-2.23.so
7f182d94d000-7f182d951000 rw-p 00000000 00:00 0 
7f182d951000-7f182d954000 r-xp 00000000 08:01 11557524                   /lib/x86_64-linux-gnu/libdl-2.23.so
7f182d954000-7f182db53000 ---p 00003000 08:01 11557524                   /lib/x86_64-linux-gnu/libdl-2.23.so
7f182db53000-7f182db54000 r--p 00002000 08:01 11557524                   /lib/x86_64-linux-gnu/libdl-2.23.so
7f182db54000-7f182db55000 rw-p 00003000 08:01 11557524                   /lib/x86_64-linux-gnu/libdl-2.23.so
7f182db55000-7f182db6e000 r-xp 00000000 08:01 11561546                   /lib/x86_64-linux-gnu/libz.so.1.2.8
7f182db6e000-7f182dd6d000 ---p 00019000 08:01 11561546                   /lib/x86_64-linux-gnu/libz.so.1.2.8
7f182dd6d000-7f182dd6e000 r--p 00018000 08:01 11561546                   /lib/x86_64-linux-gnu/libz.so.1.2.8
7f182dd6e000-7f182dd6f000 rw-p 00019000 08:01 11561546                   /lib/x86_64-linux-gnu/libz.so.1.2.8
7f182dd6f000-7f182df2f000 r-xp 00000000 08:01 11557545                   /lib/x86_64-linux-gnu/libc-2.23.so
7f182df2f000-7f182e12f000 ---p 001c0000 08:01 11557545                   /lib/x86_64-linux-gnu/libc-2.23.so
7f182e12f000-7f182e133000 r--p 001c0000 08:01 11557545                   /lib/x86_64-linux-gnu/libc-2.23.so
7f182e133000-7f182e135000 rw-p 001c4000 08:01 11557545                   /lib/x86_64-linux-gnu/libc-2.23.so
7f182e135000-7f182e139000 rw-p 00000000 00:00 0 
7f182e139000-7f182e146000 r-xp 00000000 08:01 10776399                   /usr/lib/jvm/java-8-openjdk-amd64/jre/lib/amd64/jli/libjli.so
7f182e146000-7f182e346000 ---p 0000d000 08:01 10776399                   /usr/lib/jvm/java-8-openjdk-amd64/jre/lib/amd64/jli/libjli.so
7f182e346000-7f182e347000 r--p 0000d000 08:01 10776399                   /usr/lib/jvm/java-8-openjdk-amd64/jre/lib/amd64/jli/libjli.so
7f182e347000-7f182e348000 rw-p 0000e000 08:01 10776399                   /usr/lib/jvm/java-8-openjdk-amd64/jre/lib/amd64/jli/libjli.so
7f182e348000-7f182e36e000 r-xp 00000000 08:01 11557497                   /lib/x86_64-linux-gnu/ld-2.23.so
7f182e36e000-7f182e370000 r--s 0000a000 08:01 13397726                   /home/deeta1/netbeans-8.2/java/maven/lib/maven-settings-3.0.5.jar
7f182e370000-7f182e372000 r--s 0000b000 08:01 13397697                   /home/deeta1/netbeans-8.2/java/maven/lib/wagon-provider-api-2.10.jar
7f182e372000-7f182e374000 r--s 0000a000 08:01 13397699                   /home/deeta1/netbeans-8.2/java/maven/boot/plexus-classworlds-2.4.jar
7f182e374000-7f182e449000 rw-p 00000000 00:00 0 
7f182e449000-7f182e44c000 ---p 00000000 00:00 0 
7f182e44c000-7f182e54f000 rw-p 00000000 00:00 0 
7f182e54f000-7f182e554000 r--s 0003b000 08:01 10776353                   /usr/lib/jvm/java-8-openjdk-amd64/jre/lib/ext/sunjce_provider.jar
7f182e554000-7f182e555000 r--s 0000a000 08:01 10776355                   /usr/lib/jvm/java-8-openjdk-amd64/jre/lib/ext/jaccess.jar
7f182e555000-7f182e556000 r--s 00010000 08:01 10776350                   /usr/lib/jvm/java-8-openjdk-amd64/jre/lib/ext/zipfs.jar
7f182e556000-7f182e558000 r--s 00001000 08:01 10776357                   /usr/lib/jvm/java-8-openjdk-amd64/jre/lib/ext/dnsns.jar
7f182e558000-7f182e55a000 r--s 00008000 08:01 10776354                   /usr/lib/jvm/java-8-openjdk-amd64/jre/lib/ext/sunec.jar
7f182e55a000-7f182e55d000 r--s 0000f000 08:01 10776348                   /usr/lib/jvm/java-8-openjdk-amd64/jre/lib/ext/icedtea-sound.jar
7f182e55d000-7f182e561000 r--s 00037000 08:01 10776356                   /usr/lib/jvm/java-8-openjdk-amd64/jre/lib/ext/sunpkcs11.jar
7f182e561000-7f182e569000 rw-s 00000000 08:01 8668382                    /tmp/hsperfdata_deeta1/655
7f182e569000-7f182e56a000 rw-p 00000000 00:00 0 
7f182e56a000-7f182e56b000 ---p 00000000 00:00 0 
7f182e56b000-7f182e56d000 rw-p 00000000 00:00 0 
7f182e56d000-7f182e56e000 r--p 00025000 08:01 11557497                   /lib/x86_64-linux-gnu/ld-2.23.so
7f182e56e000-7f182e56f000 rw-p 00026000 08:01 11557497                   /lib/x86_64-linux-gnu/ld-2.23.so
7f182e56f000-7f182e570000 rw-p 00000000 00:00 0 
7ffc0c1e0000-7ffc0c201000 rw-p 00000000 00:00 0                          [stack]
7ffc0c2c6000-7ffc0c2c8000 r--p 00000000 00:00 0                          [vvar]
7ffc0c2c8000-7ffc0c2ca000 r-xp 00000000 00:00 0                          [vdso]
ffffffffff600000-ffffffffff601000 r-xp 00000000 00:00 0                  [vsyscall]

VM Arguments:
jvm_args: -Dclassworlds.conf=/home/deeta1/netbeans-8.2/java/maven/bin/m2.conf -Dmaven.home=/home/deeta1/netbeans-8.2/java/maven 
java_command: org.codehaus.plexus.classworlds.launcher.Launcher -Dmaven.ext.class.path=/home/deeta1/netbeans-8.2/java/maven-nblib/netbeans-eventspy.jar clean install
java_class_path (initial): /home/deeta1/netbeans-8.2/java/maven/boot/plexus-classworlds-2.4.jar
Launcher Type: SUN_STANDARD

Environment Variables:
JAVA_HOME=/usr/lib/jvm/default-java
PATH=/home/deeta1/bin:/home/deeta1/.local/bin:/usr/local/sbin:/usr/local/bin:/usr/sbin:/usr/bin:/sbin:/bin:/usr/games:/usr/local/games:/snap/bin:/usr/lib/jvm/java-8-oracle/bin:/usr/lib/jvm/java-8-oracle/db/bin:/usr/lib/jvm/java-8-oracle/jre/bin
LD_LIBRARY_PATH=/usr/lib/jvm/default-java/jre/lib/amd64:/usr/lib/jvm/default-java/jre/lib/i386:
SHELL=/bin/bash
DISPLAY=:0

Signal Handlers:
SIGSEGV: [libjvm.so+0xa6ad10], sa_mask[0]=11111111011111111101111111111110, sa_flags=SA_RESTART|SA_SIGINFO
SIGBUS: [libjvm.so+0xa6ad10], sa_mask[0]=11111111011111111101111111111110, sa_flags=SA_RESTART|SA_SIGINFO
SIGFPE: [libjvm.so+0x8b3bc0], sa_mask[0]=11111111011111111101111111111110, sa_flags=SA_RESTART|SA_SIGINFO
SIGPIPE: [libjvm.so+0x8b3bc0], sa_mask[0]=11111111011111111101111111111110, sa_flags=SA_RESTART|SA_SIGINFO
SIGXFSZ: [libjvm.so+0x8b3bc0], sa_mask[0]=11111111011111111101111111111110, sa_flags=SA_RESTART|SA_SIGINFO
SIGILL: [libjvm.so+0x8b3bc0], sa_mask[0]=11111111011111111101111111111110, sa_flags=SA_RESTART|SA_SIGINFO
SIGUSR1: SIG_DFL, sa_mask[0]=00000000000000000000000000000000, sa_flags=none
SIGUSR2: [libjvm.so+0x8b3a70], sa_mask[0]=00100000000000000000000000000000, sa_flags=SA_RESTART|SA_SIGINFO
SIGHUP: [libjvm.so+0x8b3f40], sa_mask[0]=11111111011111111101111111111110, sa_flags=SA_RESTART|SA_SIGINFO
SIGINT: SIG_IGN, sa_mask[0]=00000000000000000000000000000000, sa_flags=none
SIGTERM: [libjvm.so+0x8b3f40], sa_mask[0]=11111111011111111101111111111110, sa_flags=SA_RESTART|SA_SIGINFO
SIGQUIT: [libjvm.so+0x8b3f40], sa_mask[0]=11111111011111111101111111111110, sa_flags=SA_RESTART|SA_SIGINFO


---------------  S Y S T E M  ---------------

OS:DISTRIB_ID=Ubuntu
DISTRIB_RELEASE=16.04
DISTRIB_CODENAME=xenial
DISTRIB_DESCRIPTION="Ubuntu 16.04.1 LTS"

uname:Linux 4.4.0-87-generic #110-Ubuntu SMP Tue Jul 18 12:55:35 UTC 2017 x86_64
libc:glibc 2.23 NPTL 2.23 
rlimit: STACK 8192k, CORE 0k, NPROC 39361, NOFILE 65536, AS infinity
load average:17.22 9.18 4.43

/proc/meminfo:
MemTotal:       10115912 kB
MemFree:          150632 kB
MemAvailable:      42376 kB
Buffers:             752 kB
Cached:           295304 kB
SwapCached:          448 kB
Active:          8266420 kB
Inactive:        1455668 kB
Active(anon):    8260928 kB
Inactive(anon):  1445260 kB
Active(file):       5492 kB
Inactive(file):    10408 kB
Unevictable:         272 kB
Mlocked:             272 kB
SwapTotal:       4071420 kB
SwapFree:              0 kB
Dirty:               488 kB
Writeback:             0 kB
AnonPages:       9427116 kB
Mapped:            37016 kB
Shmem:            279028 kB
Slab:              96816 kB
SReclaimable:      54460 kB
SUnreclaim:        42356 kB
KernelStack:       15376 kB
PageTables:        63404 kB
NFS_Unstable:          0 kB
Bounce:                0 kB
WritebackTmp:          0 kB
CommitLimit:     9129376 kB
Committed_AS:   14225396 kB
VmallocTotal:   34359738367 kB
VmallocUsed:           0 kB
VmallocChunk:          0 kB
HardwareCorrupted:     0 kB
AnonHugePages:   5677056 kB
CmaTotal:              0 kB
CmaFree:               0 kB
HugePages_Total:       0
HugePages_Free:        0
HugePages_Rsvd:        0
HugePages_Surp:        0
Hugepagesize:       2048 kB
DirectMap4k:      181712 kB
DirectMap2M:    10182656 kB


CPU:total 4 (initial active 4) (2 cores per cpu, 2 threads per core) family 6 model 42 stepping 7, cmov, cx8, fxsr, mmx, sse, sse2, sse3, ssse3, sse4.1, sse4.2, popcnt, avx, aes, clmul, ht, tsc, tscinvbit

/proc/cpuinfo:
processor	: 0
vendor_id	: GenuineIntel
cpu family	: 6
model		: 42
model name	: Intel(R) Core(TM) i5-2520M CPU @ 2.50GHz
stepping	: 7
microcode	: 0x29
cpu MHz		: 863.769
cache size	: 3072 KB
physical id	: 0
siblings	: 4
core id		: 0
cpu cores	: 2
apicid		: 0
initial apicid	: 0
fpu		: yes
fpu_exception	: yes
cpuid level	: 13
wp		: yes
flags		: fpu vme de pse tsc msr pae mce cx8 apic sep mtrr pge mca cmov pat pse36 clflush dts acpi mmx fxsr sse sse2 ss ht tm pbe syscall nx rdtscp lm constant_tsc arch_perfmon pebs bts rep_good nopl xtopology nonstop_tsc aperfmperf eagerfpu pni pclmulqdq dtes64 monitor ds_cpl vmx smx est tm2 ssse3 cx16 xtpr pdcm pcid sse4_1 sse4_2 x2apic popcnt tsc_deadline_timer aes xsave avx lahf_lm epb tpr_shadow vnmi flexpriority ept vpid xsaveopt dtherm ida arat pln pts
bugs		:
bogomips	: 4988.49
clflush size	: 64
cache_alignment	: 64
address sizes	: 36 bits physical, 48 bits virtual
power management:

processor	: 1
vendor_id	: GenuineIntel
cpu family	: 6
model		: 42
model name	: Intel(R) Core(TM) i5-2520M CPU @ 2.50GHz
stepping	: 7
microcode	: 0x29
cpu MHz		: 845.410
cache size	: 3072 KB
physical id	: 0
siblings	: 4
core id		: 1
cpu cores	: 2
apicid		: 2
initial apicid	: 2
fpu		: yes
fpu_exception	: yes
cpuid level	: 13
wp		: yes
flags		: fpu vme de pse tsc msr pae mce cx8 apic sep mtrr pge mca cmov pat pse36 clflush dts acpi mmx fxsr sse sse2 ss ht tm pbe syscall nx rdtscp lm constant_tsc arch_perfmon pebs bts rep_good nopl xtopology nonstop_tsc aperfmperf eagerfpu pni pclmulqdq dtes64 monitor ds_cpl vmx smx est tm2 ssse3 cx16 xtpr pdcm pcid sse4_1 sse4_2 x2apic popcnt tsc_deadline_timer aes xsave avx lahf_lm epb tpr_shadow vnmi flexpriority ept vpid xsaveopt dtherm ida arat pln pts
bugs		:
bogomips	: 4988.49
clflush size	: 64
cache_alignment	: 64
address sizes	: 36 bits physical, 48 bits virtual
power management:

processor	: 2
vendor_id	: GenuineIntel
cpu family	: 6
model		: 42
model name	: Intel(R) Core(TM) i5-2520M CPU @ 2.50GHz
stepping	: 7
microcode	: 0x29
cpu MHz		: 814.843
cache size	: 3072 KB
physical id	: 0
siblings	: 4
core id		: 0
cpu cores	: 2
apicid		: 1
initial apicid	: 1
fpu		: yes
fpu_exception	: yes
cpuid level	: 13
wp		: yes
flags		: fpu vme de pse tsc msr pae mce cx8 apic sep mtrr pge mca cmov pat pse36 clflush dts acpi mmx fxsr sse sse2 ss ht tm pbe syscall nx rdtscp lm constant_tsc arch_perfmon pebs bts rep_good nopl xtopology nonstop_tsc aperfmperf eagerfpu pni pclmulqdq dtes64 monitor ds_cpl vmx smx est tm2 ssse3 cx16 xtpr pdcm pcid sse4_1 sse4_2 x2apic popcnt tsc_deadline_timer aes xsave avx lahf_lm epb tpr_shadow vnmi flexpriority ept vpid xsaveopt dtherm ida arat pln pts
bugs		:
bogomips	: 4988.49
clflush size	: 64
cache_alignment	: 64
address sizes	: 36 bits physical, 48 bits virtual
power management:

processor	: 3
vendor_id	: GenuineIntel
cpu family	: 6
model		: 42
model name	: Intel(R) Core(TM) i5-2520M CPU @ 2.50GHz
stepping	: 7
microcode	: 0x29
cpu MHz		: 805.175
cache size	: 3072 KB
physical id	: 0
siblings	: 4
core id		: 1
cpu cores	: 2
apicid		: 3
initial apicid	: 3
fpu		: yes
fpu_exception	: yes
cpuid level	: 13
wp		: yes
flags		: fpu vme de pse tsc msr pae mce cx8 apic sep mtrr pge mca cmov pat pse36 clflush dts acpi mmx fxsr sse sse2 ss ht tm pbe syscall nx rdtscp lm constant_tsc arch_perfmon pebs bts rep_good nopl xtopology nonstop_tsc aperfmperf eagerfpu pni pclmulqdq dtes64 monitor ds_cpl vmx smx est tm2 ssse3 cx16 xtpr pdcm pcid sse4_1 sse4_2 x2apic popcnt tsc_deadline_timer aes xsave avx lahf_lm epb tpr_shadow vnmi flexpriority ept vpid xsaveopt dtherm ida arat pln pts
bugs		:
bogomips	: 4988.49
clflush size	: 64
cache_alignment	: 64
address sizes	: 36 bits physical, 48 bits virtual
power management:



Memory: 4k page, physical 10115912k(150632k free), swap 4071420k(0k free)

vm_info: OpenJDK 64-Bit Server VM (25.131-b11) for linux-amd64 JRE (1.8.0_131-8u131-b11-2ubuntu1.16.04.2-b11), built on Jul 22 2017 00:56:41 by "buildd" with gcc 5.4.0 20160609

time: Fri Jul 28 20:09:07 2017
elapsed time: 291 seconds (0d 0h 4m 51s)

